0 info it worked if it ends with ok
1 verbose cli [ 'C:\\Program Files\\nodejs\\node.exe',
1 verbose cli   'C:\\Program Files\\nodejs\\node_modules\\npm\\bin\\npm-cli.js',
1 verbose cli   'run-script',
1 verbose cli   'test-tips-python-adapter' ]
2 info using npm@3.10.8
3 info using node@v6.9.1
4 verbose run-script [ 'pretest-tips-python-adapter',
4 verbose run-script   'test-tips-python-adapter',
4 verbose run-script   'posttest-tips-python-adapter' ]
5 info lifecycle tips@0.0.1~pretest-tips-python-adapter: tips@0.0.1
6 silly lifecycle tips@0.0.1~pretest-tips-python-adapter: no script for pretest-tips-python-adapter, continuing
7 info lifecycle tips@0.0.1~test-tips-python-adapter: tips@0.0.1
8 verbose lifecycle tips@0.0.1~test-tips-python-adapter: unsafe-perm in lifecycle true
9 verbose lifecycle tips@0.0.1~test-tips-python-adapter: PATH: C:\Program Files\nodejs\node_modules\npm\bin\node-gyp-bin;C:\Users\s019zr\git\tips\node_modules\.bin;C:\ProgramData\Oracle\Java\javapath;C:\Program Files\RSA SecurID Token Common;C:\oracle\product\11.2.0\client_1\bin\;C:\Windows\system32;C:\Windows;C:\Windows\System32\Wbem;C:\Windows\System32\WindowsPowerShell\v1.0\;C:\Program Files\Lenovo\Access Connections\;C:\Program Files\IBM\Personal Communications\;C:\Program Files\IBM\Trace Facility\;C:\Program Files\IXOS\bin;C:\Program Files\1E\NomadBranch\;C:\Program Files\nodejs\;C:\Program Files\Git\cmd;C:\Users\s019zr\AppData\Roaming\npm;C:\Python27
10 verbose lifecycle tips@0.0.1~test-tips-python-adapter: CWD: C:\Users\s019zr\git\tips
11 silly lifecycle tips@0.0.1~test-tips-python-adapter: Args: [ '/d /s /c',
11 silly lifecycle   'lab -l -m 10000 plugins/tips_python_adapter/test/index.js' ]
12 silly lifecycle tips@0.0.1~test-tips-python-adapter: Returned: code: 1  signal: null
13 info lifecycle tips@0.0.1~test-tips-python-adapter: Failed to exec test-tips-python-adapter script
14 verbose stack Error: tips@0.0.1 test-tips-python-adapter: `lab -l -m 10000 plugins/tips_python_adapter/test/index.js`
14 verbose stack Exit status 1
14 verbose stack     at EventEmitter.<anonymous> (C:\Program Files\nodejs\node_modules\npm\lib\utils\lifecycle.js:255:16)
14 verbose stack     at emitTwo (events.js:106:13)
14 verbose stack     at EventEmitter.emit (events.js:191:7)
14 verbose stack     at ChildProcess.<anonymous> (C:\Program Files\nodejs\node_modules\npm\lib\utils\spawn.js:40:14)
14 verbose stack     at emitTwo (events.js:106:13)
14 verbose stack     at ChildProcess.emit (events.js:191:7)
14 verbose stack     at maybeClose (internal/child_process.js:877:16)
14 verbose stack     at Process.ChildProcess._handle.onexit (internal/child_process.js:226:5)
15 verbose pkgid tips@0.0.1
16 verbose cwd C:\Users\s019zr\git\tips\plugins\tips_python_adapter
17 error Windows_NT 6.1.7600
18 error argv "C:\\Program Files\\nodejs\\node.exe" "C:\\Program Files\\nodejs\\node_modules\\npm\\bin\\npm-cli.js" "run-script" "test-tips-python-adapter"
19 error node v6.9.1
20 error npm  v3.10.8
21 error code ELIFECYCLE
22 error tips@0.0.1 test-tips-python-adapter: `lab -l -m 10000 plugins/tips_python_adapter/test/index.js`
22 error Exit status 1
23 error Failed at the tips@0.0.1 test-tips-python-adapter script 'lab -l -m 10000 plugins/tips_python_adapter/test/index.js'.
23 error Make sure you have the latest version of node.js and npm installed.
23 error If you do, this is most likely a problem with the tips package,
23 error not with npm itself.
23 error Tell the author that this fails on your system:
23 error     lab -l -m 10000 plugins/tips_python_adapter/test/index.js
23 error You can get information on how to open an issue for this project with:
23 error     npm bugs tips
23 error Or if that isn't available, you can get their info via:
23 error     npm owner ls tips
23 error There is likely additional logging output above.
24 verbose exit [ 1, true ]
